<?xml version="1.0" encoding="UTF-8"?>
<!-- Generated by org.testng.reporters.JUnitXMLReporter -->
<testsuite hostname="Sushil" ignored="2" name="Default test" tests="1" failures="0" timestamp="2022-02-15T01:19:56 IST" time="0.079" errors="0">
  <testcase name="acctest2" time="0.007" classname="org.testNG_Ex2.AccountManagerEx2"/>
  <testcase name="acctest1" time="0.0" classname="org.testNG_Ex2.AccountManagerEx2">
    <ignored/>
  </testcase> <!-- acctest1 -->
  <testcase name="acctest3" time="0.0" classname="org.testNG_Ex2.AccountManagerEx2">
    <ignored/>
  </testcase> <!-- acctest3 -->
</testsuite> <!-- Default test -->
