<?xml version="1.0" encoding="UTF-8"?>
<!-- Generated by org.testng.reporters.JUnitXMLReporter -->
<testsuite hostname="Sushil" ignored="0" name="Test" tests="6" failures="0" timestamp="2022-02-15T01:03:56 IST" time="0.095" errors="0">
  <testcase name="umTest1" time="0.009" classname="org.testNG_Ex2.UserManagerEx"/>
  <testcase name="umTest2" time="0.002" classname="org.testNG_Ex2.UserManagerEx"/>
  <testcase name="umTest3" time="0.001" classname="org.testNG_Ex2.UserManagerEx"/>
  <testcase name="umTest1" time="0.003" classname="org.testNG_Ex2.AccountManagerEx"/>
  <testcase name="umTest2" time="0.002" classname="org.testNG_Ex2.AccountManagerEx"/>
  <testcase name="umTest3" time="0.002" classname="org.testNG_Ex2.AccountManagerEx"/>
</testsuite> <!-- Test -->
