<?xml version="1.0" encoding="UTF-8"?>
<!-- Generated by org.testng.reporters.JUnitXMLReporter -->
<testsuite hostname="Sushil" ignored="0" name="Test For Account Manager" tests="6" failures="0" timestamp="2022-02-15T01:22:56 IST" time="0.024" errors="0">
  <testcase name="umTest1" time="0.001" classname="org.testNG_Ex2.AccountManagerEx"/>
  <testcase name="umTest2" time="0.001" classname="org.testNG_Ex2.AccountManagerEx"/>
  <testcase name="umTest3" time="0.001" classname="org.testNG_Ex2.AccountManagerEx"/>
  <testcase name="acctest1" time="0.001" classname="org.testNG_Ex2.AccountManagerEx2"/>
  <testcase name="acctest2" time="0.001" classname="org.testNG_Ex2.AccountManagerEx2"/>
  <testcase name="acctest3" time="0.001" classname="org.testNG_Ex2.AccountManagerEx2"/>
</testsuite> <!-- Test For Account Manager -->
